15-Jul-2024 20:46:02.616 INFORMAÇÕES [main] org.apache.catalina.startup.VersionLoggerListener.log Server version name:   Apache Tomcat/10.1.25
15-Jul-2024 20:46:02.619 INFORMAÇÕES [main] org.apache.catalina.startup.VersionLoggerListener.log Server built:          Jun 14 2024 19:31:59 UTC
15-Jul-2024 20:46:02.619 INFORMAÇÕES [main] org.apache.catalina.startup.VersionLoggerListener.log Server version number: 10.1.25.0
15-Jul-2024 20:46:02.619 INFORMAÇÕES [main] org.apache.catalina.startup.VersionLoggerListener.log OS Name:               Mac OS X
15-Jul-2024 20:46:02.619 INFORMAÇÕES [main] org.apache.catalina.startup.VersionLoggerListener.log OS Version:            14.5
15-Jul-2024 20:46:02.620 INFORMAÇÕES [main] org.apache.catalina.startup.VersionLoggerListener.log Architecture:          aarch64
15-Jul-2024 20:46:02.620 INFORMAÇÕES [main] org.apache.catalina.startup.VersionLoggerListener.log Java Home:             /Users/leonardocastro/Library/Java/JavaVirtualMachines/corretto-21.0.3/Contents/Home
15-Jul-2024 20:46:02.620 INFORMAÇÕES [main] org.apache.catalina.startup.VersionLoggerListener.log JVM Version:           21.0.3+9-LTS
15-Jul-2024 20:46:02.620 INFORMAÇÕES [main] org.apache.catalina.startup.VersionLoggerListener.log JVM Vendor:            Amazon.com Inc.
15-Jul-2024 20:46:02.620 INFORMAÇÕES [main] org.apache.catalina.startup.VersionLoggerListener.log CATALINA_BASE:         /System/Volumes/Data/Users/leonardocastro/Desktop/JavaAcademy/Lucas Schlestein/ProjetoBibliotecaServlet/apache-tomcat-10.1.25
15-Jul-2024 20:46:02.620 INFORMAÇÕES [main] org.apache.catalina.startup.VersionLoggerListener.log CATALINA_HOME:         /System/Volumes/Data/Users/leonardocastro/Desktop/JavaAcademy/Lucas Schlestein/ProjetoBibliotecaServlet/apache-tomcat-10.1.25
15-Jul-2024 20:46:02.629 INFORMAÇÕES [main] org.apache.catalina.startup.VersionLoggerListener.log Command line argument: -Djava.util.logging.config.file=/System/Volumes/Data/Users/leonardocastro/Desktop/JavaAcademy/Lucas Schlestein/ProjetoBibliotecaServlet/apache-tomcat-10.1.25/conf/logging.properties
15-Jul-2024 20:46:02.629 INFORMAÇÕES [main] org.apache.catalina.startup.VersionLoggerListener.log Command line argument: -Djava.util.logging.manager=org.apache.juli.ClassLoaderLogManager
15-Jul-2024 20:46:02.629 INFORMAÇÕES [main] org.apache.catalina.startup.VersionLoggerListener.log Command line argument: -Djdk.tls.ephemeralDHKeySize=2048
15-Jul-2024 20:46:02.629 INFORMAÇÕES [main] org.apache.catalina.startup.VersionLoggerListener.log Command line argument: -Djava.protocol.handler.pkgs=org.apache.catalina.webresources
15-Jul-2024 20:46:02.629 INFORMAÇÕES [main] org.apache.catalina.startup.VersionLoggerListener.log Command line argument: -Dorg.apache.catalina.security.SecurityListener.UMASK=0027
15-Jul-2024 20:46:02.629 INFORMAÇÕES [main] org.apache.catalina.startup.VersionLoggerListener.log Command line argument: --add-opens=java.base/java.lang=ALL-UNNAMED
15-Jul-2024 20:46:02.629 INFORMAÇÕES [main] org.apache.catalina.startup.VersionLoggerListener.log Command line argument: --add-opens=java.base/java.io=ALL-UNNAMED
15-Jul-2024 20:46:02.629 INFORMAÇÕES [main] org.apache.catalina.startup.VersionLoggerListener.log Command line argument: --add-opens=java.base/java.util=ALL-UNNAMED
15-Jul-2024 20:46:02.629 INFORMAÇÕES [main] org.apache.catalina.startup.VersionLoggerListener.log Command line argument: --add-opens=java.base/java.util.concurrent=ALL-UNNAMED
15-Jul-2024 20:46:02.629 INFORMAÇÕES [main] org.apache.catalina.startup.VersionLoggerListener.log Command line argument: --add-opens=java.rmi/sun.rmi.transport=ALL-UNNAMED
15-Jul-2024 20:46:02.629 INFORMAÇÕES [main] org.apache.catalina.startup.VersionLoggerListener.log Command line argument: -Dcatalina.base=/System/Volumes/Data/Users/leonardocastro/Desktop/JavaAcademy/Lucas Schlestein/ProjetoBibliotecaServlet/apache-tomcat-10.1.25
15-Jul-2024 20:46:02.629 INFORMAÇÕES [main] org.apache.catalina.startup.VersionLoggerListener.log Command line argument: -Dcatalina.home=/System/Volumes/Data/Users/leonardocastro/Desktop/JavaAcademy/Lucas Schlestein/ProjetoBibliotecaServlet/apache-tomcat-10.1.25
15-Jul-2024 20:46:02.629 INFORMAÇÕES [main] org.apache.catalina.startup.VersionLoggerListener.log Command line argument: -Djava.io.tmpdir=/System/Volumes/Data/Users/leonardocastro/Desktop/JavaAcademy/Lucas Schlestein/ProjetoBibliotecaServlet/apache-tomcat-10.1.25/temp
15-Jul-2024 20:46:02.635 INFORMAÇÕES [main] org.apache.catalina.core.AprLifecycleListener.lifecycleEvent The Apache Tomcat Native library which allows using OpenSSL was not found on the java.library.path: [/Users/leonardocastro/Library/Java/Extensions:/Library/Java/Extensions:/Network/Library/Java/Extensions:/System/Library/Java/Extensions:/usr/lib/java:.]
15-Jul-2024 20:46:02.802 INFORMAÇÕES [main] org.apache.coyote.AbstractProtocol.init Initializing ProtocolHandler ["http-nio-8080"]
15-Jul-2024 20:46:02.819 INFORMAÇÕES [main] org.apache.catalina.startup.Catalina.load Server initialization in [313] milliseconds
15-Jul-2024 20:46:02.840 INFORMAÇÕES [main] org.apache.catalina.core.StandardService.startInternal Starting service [Catalina]
15-Jul-2024 20:46:02.840 INFORMAÇÕES [main] org.apache.catalina.core.StandardEngine.startInternal Starting Servlet engine: [Apache Tomcat/10.1.25]
15-Jul-2024 20:46:02.845 INFORMAÇÕES [main] org.apache.catalina.startup.HostConfig.deployDirectory Diretório de instalação da aplicação web [/System/Volumes/Data/Users/leonardocastro/Desktop/JavaAcademy/Lucas Schlestein/ProjetoBibliotecaServlet/apache-tomcat-10.1.25/webapps/docs]
15-Jul-2024 20:46:03.009 INFORMAÇÕES [main] org.apache.catalina.startup.HostConfig.deployDirectory Deployment of web application directory [/System/Volumes/Data/Users/leonardocastro/Desktop/JavaAcademy/Lucas Schlestein/ProjetoBibliotecaServlet/apache-tomcat-10.1.25/webapps/docs] has finished in [162] ms
15-Jul-2024 20:46:03.009 INFORMAÇÕES [main] org.apache.catalina.startup.HostConfig.deployDirectory Diretório de instalação da aplicação web [/System/Volumes/Data/Users/leonardocastro/Desktop/JavaAcademy/Lucas Schlestein/ProjetoBibliotecaServlet/apache-tomcat-10.1.25/webapps/manager]
15-Jul-2024 20:46:03.030 INFORMAÇÕES [main] org.apache.catalina.startup.HostConfig.deployDirectory Deployment of web application directory [/System/Volumes/Data/Users/leonardocastro/Desktop/JavaAcademy/Lucas Schlestein/ProjetoBibliotecaServlet/apache-tomcat-10.1.25/webapps/manager] has finished in [20] ms
15-Jul-2024 20:46:03.030 INFORMAÇÕES [main] org.apache.catalina.startup.HostConfig.deployDirectory Diretório de instalação da aplicação web [/System/Volumes/Data/Users/leonardocastro/Desktop/JavaAcademy/Lucas Schlestein/ProjetoBibliotecaServlet/apache-tomcat-10.1.25/webapps/examples]
15-Jul-2024 20:46:03.152 INFORMAÇÕES [main] org.apache.catalina.startup.HostConfig.deployDirectory Deployment of web application directory [/System/Volumes/Data/Users/leonardocastro/Desktop/JavaAcademy/Lucas Schlestein/ProjetoBibliotecaServlet/apache-tomcat-10.1.25/webapps/examples] has finished in [122] ms
15-Jul-2024 20:46:03.153 INFORMAÇÕES [main] org.apache.catalina.startup.HostConfig.deployDirectory Diretório de instalação da aplicação web [/System/Volumes/Data/Users/leonardocastro/Desktop/JavaAcademy/Lucas Schlestein/ProjetoBibliotecaServlet/apache-tomcat-10.1.25/webapps/ROOT]
15-Jul-2024 20:46:03.162 INFORMAÇÕES [main] org.apache.catalina.startup.HostConfig.deployDirectory Deployment of web application directory [/System/Volumes/Data/Users/leonardocastro/Desktop/JavaAcademy/Lucas Schlestein/ProjetoBibliotecaServlet/apache-tomcat-10.1.25/webapps/ROOT] has finished in [10] ms
15-Jul-2024 20:46:03.162 INFORMAÇÕES [main] org.apache.catalina.startup.HostConfig.deployDirectory Diretório de instalação da aplicação web [/System/Volumes/Data/Users/leonardocastro/Desktop/JavaAcademy/Lucas Schlestein/ProjetoBibliotecaServlet/apache-tomcat-10.1.25/webapps/Biblioteca_war]
15-Jul-2024 20:46:03.830 INFORMAÇÕES [main] org.apache.jasper.servlet.TldScanner.scanJars At least one JAR was scanned for TLDs yet contained no TLDs. Enable debug logging for this logger for a complete list of JARs that were scanned but no TLDs were found in them. Skipping unneeded JARs during scanning can improve startup time and JSP compilation time.
15-Jul-2024 20:46:03.837 INFORMAÇÕES [main] org.apache.catalina.startup.HostConfig.deployDirectory Deployment of web application directory [/System/Volumes/Data/Users/leonardocastro/Desktop/JavaAcademy/Lucas Schlestein/ProjetoBibliotecaServlet/apache-tomcat-10.1.25/webapps/Biblioteca_war] has finished in [675] ms
15-Jul-2024 20:46:03.837 INFORMAÇÕES [main] org.apache.catalina.startup.HostConfig.deployDirectory Diretório de instalação da aplicação web [/System/Volumes/Data/Users/leonardocastro/Desktop/JavaAcademy/Lucas Schlestein/ProjetoBibliotecaServlet/apache-tomcat-10.1.25/webapps/host-manager]
15-Jul-2024 20:46:03.846 INFORMAÇÕES [main] org.apache.catalina.startup.HostConfig.deployDirectory Deployment of web application directory [/System/Volumes/Data/Users/leonardocastro/Desktop/JavaAcademy/Lucas Schlestein/ProjetoBibliotecaServlet/apache-tomcat-10.1.25/webapps/host-manager] has finished in [9] ms
15-Jul-2024 20:46:03.848 INFORMAÇÕES [main] org.apache.coyote.AbstractProtocol.start Starting ProtocolHandler ["http-nio-8080"]
15-Jul-2024 20:46:03.853 INFORMAÇÕES [main] org.apache.catalina.startup.Catalina.start Server startup in [1033] milliseconds
15-Jul-2024 20:46:29.165 INFORMAÇÕES [main] org.apache.catalina.startup.VersionLoggerListener.log Server version name:   Apache Tomcat/10.1.25
15-Jul-2024 20:46:29.169 INFORMAÇÕES [main] org.apache.catalina.startup.VersionLoggerListener.log Server built:          Jun 14 2024 19:31:59 UTC
15-Jul-2024 20:46:29.169 INFORMAÇÕES [main] org.apache.catalina.startup.VersionLoggerListener.log Server version number: 10.1.25.0
15-Jul-2024 20:46:29.169 INFORMAÇÕES [main] org.apache.catalina.startup.VersionLoggerListener.log OS Name:               Mac OS X
15-Jul-2024 20:46:29.169 INFORMAÇÕES [main] org.apache.catalina.startup.VersionLoggerListener.log OS Version:            14.5
15-Jul-2024 20:46:29.169 INFORMAÇÕES [main] org.apache.catalina.startup.VersionLoggerListener.log Architecture:          aarch64
15-Jul-2024 20:46:29.169 INFORMAÇÕES [main] org.apache.catalina.startup.VersionLoggerListener.log Java Home:             /Users/leonardocastro/Library/Java/JavaVirtualMachines/corretto-21.0.3/Contents/Home
15-Jul-2024 20:46:29.169 INFORMAÇÕES [main] org.apache.catalina.startup.VersionLoggerListener.log JVM Version:           21.0.3+9-LTS
15-Jul-2024 20:46:29.170 INFORMAÇÕES [main] org.apache.catalina.startup.VersionLoggerListener.log JVM Vendor:            Amazon.com Inc.
15-Jul-2024 20:46:29.170 INFORMAÇÕES [main] org.apache.catalina.startup.VersionLoggerListener.log CATALINA_BASE:         /System/Volumes/Data/Users/leonardocastro/Desktop/JavaAcademy/Lucas Schlestein/ProjetoBibliotecaServlet/apache-tomcat-10.1.25
15-Jul-2024 20:46:29.170 INFORMAÇÕES [main] org.apache.catalina.startup.VersionLoggerListener.log CATALINA_HOME:         /System/Volumes/Data/Users/leonardocastro/Desktop/JavaAcademy/Lucas Schlestein/ProjetoBibliotecaServlet/apache-tomcat-10.1.25
15-Jul-2024 20:46:29.180 INFORMAÇÕES [main] org.apache.catalina.startup.VersionLoggerListener.log Command line argument: -Djava.util.logging.config.file=/System/Volumes/Data/Users/leonardocastro/Desktop/JavaAcademy/Lucas Schlestein/ProjetoBibliotecaServlet/apache-tomcat-10.1.25/conf/logging.properties
15-Jul-2024 20:46:29.180 INFORMAÇÕES [main] org.apache.catalina.startup.VersionLoggerListener.log Command line argument: -Djava.util.logging.manager=org.apache.juli.ClassLoaderLogManager
15-Jul-2024 20:46:29.180 INFORMAÇÕES [main] org.apache.catalina.startup.VersionLoggerListener.log Command line argument: -Djdk.tls.ephemeralDHKeySize=2048
15-Jul-2024 20:46:29.180 INFORMAÇÕES [main] org.apache.catalina.startup.VersionLoggerListener.log Command line argument: -Djava.protocol.handler.pkgs=org.apache.catalina.webresources
15-Jul-2024 20:46:29.181 INFORMAÇÕES [main] org.apache.catalina.startup.VersionLoggerListener.log Command line argument: -Dorg.apache.catalina.security.SecurityListener.UMASK=0027
15-Jul-2024 20:46:29.181 INFORMAÇÕES [main] org.apache.catalina.startup.VersionLoggerListener.log Command line argument: --add-opens=java.base/java.lang=ALL-UNNAMED
15-Jul-2024 20:46:29.181 INFORMAÇÕES [main] org.apache.catalina.startup.VersionLoggerListener.log Command line argument: --add-opens=java.base/java.io=ALL-UNNAMED
15-Jul-2024 20:46:29.181 INFORMAÇÕES [main] org.apache.catalina.startup.VersionLoggerListener.log Command line argument: --add-opens=java.base/java.util=ALL-UNNAMED
15-Jul-2024 20:46:29.181 INFORMAÇÕES [main] org.apache.catalina.startup.VersionLoggerListener.log Command line argument: --add-opens=java.base/java.util.concurrent=ALL-UNNAMED
15-Jul-2024 20:46:29.181 INFORMAÇÕES [main] org.apache.catalina.startup.VersionLoggerListener.log Command line argument: --add-opens=java.rmi/sun.rmi.transport=ALL-UNNAMED
15-Jul-2024 20:46:29.181 INFORMAÇÕES [main] org.apache.catalina.startup.VersionLoggerListener.log Command line argument: -Dcatalina.base=/System/Volumes/Data/Users/leonardocastro/Desktop/JavaAcademy/Lucas Schlestein/ProjetoBibliotecaServlet/apache-tomcat-10.1.25
15-Jul-2024 20:46:29.181 INFORMAÇÕES [main] org.apache.catalina.startup.VersionLoggerListener.log Command line argument: -Dcatalina.home=/System/Volumes/Data/Users/leonardocastro/Desktop/JavaAcademy/Lucas Schlestein/ProjetoBibliotecaServlet/apache-tomcat-10.1.25
15-Jul-2024 20:46:29.181 INFORMAÇÕES [main] org.apache.catalina.startup.VersionLoggerListener.log Command line argument: -Djava.io.tmpdir=/System/Volumes/Data/Users/leonardocastro/Desktop/JavaAcademy/Lucas Schlestein/ProjetoBibliotecaServlet/apache-tomcat-10.1.25/temp
15-Jul-2024 20:46:29.188 INFORMAÇÕES [main] org.apache.catalina.core.AprLifecycleListener.lifecycleEvent The Apache Tomcat Native library which allows using OpenSSL was not found on the java.library.path: [/Users/leonardocastro/Library/Java/Extensions:/Library/Java/Extensions:/Network/Library/Java/Extensions:/System/Library/Java/Extensions:/usr/lib/java:.]
15-Jul-2024 20:46:29.412 INFORMAÇÕES [main] org.apache.coyote.AbstractProtocol.init Initializing ProtocolHandler ["http-nio-8080"]
15-Jul-2024 20:46:29.424 GRAVE [main] org.apache.catalina.util.LifecycleBase.handleSubClassException Failed to initialize component [Connector["http-nio-8080"]]
	org.apache.catalina.LifecycleException: Protocol handler initialization failed
		at org.apache.catalina.connector.Connector.initInternal(Connector.java:1016)
		at org.apache.catalina.util.LifecycleBase.init(LifecycleBase.java:122)
		at org.apache.catalina.core.StandardService.initInternal(StandardService.java:525)
		at org.apache.catalina.util.LifecycleBase.init(LifecycleBase.java:122)
		at org.apache.catalina.core.StandardServer.initInternal(StandardServer.java:961)
		at org.apache.catalina.util.LifecycleBase.init(LifecycleBase.java:122)
		at org.apache.catalina.startup.Catalina.load(Catalina.java:708)
		at org.apache.catalina.startup.Catalina.load(Catalina.java:731)
		at java.base/jdk.internal.reflect.DirectMethodHandleAccessor.invoke(DirectMethodHandleAccessor.java:103)
		at java.base/java.lang.reflect.Method.invoke(Method.java:580)
		at org.apache.catalina.startup.Bootstrap.load(Bootstrap.java:302)
		at org.apache.catalina.startup.Bootstrap.main(Bootstrap.java:472)
	Caused by: java.net.BindException: Address already in use
		at java.base/sun.nio.ch.Net.bind0(Native Method)
		at java.base/sun.nio.ch.Net.bind(Net.java:565)
		at java.base/sun.nio.ch.ServerSocketChannelImpl.netBind(ServerSocketChannelImpl.java:344)
		at java.base/sun.nio.ch.ServerSocketChannelImpl.bind(ServerSocketChannelImpl.java:301)
		at org.apache.tomcat.util.net.NioEndpoint.initServerSocket(NioEndpoint.java:239)
		at org.apache.tomcat.util.net.NioEndpoint.bind(NioEndpoint.java:194)
		at org.apache.tomcat.util.net.AbstractEndpoint.bindWithCleanup(AbstractEndpoint.java:1304)
		at org.apache.tomcat.util.net.AbstractEndpoint.init(AbstractEndpoint.java:1317)
		at org.apache.coyote.AbstractProtocol.init(AbstractProtocol.java:632)
		at org.apache.coyote.http11.AbstractHttp11Protocol.init(AbstractHttp11Protocol.java:77)
		at org.apache.catalina.connector.Connector.initInternal(Connector.java:1014)
		... 11 more
15-Jul-2024 20:46:29.425 INFORMAÇÕES [main] org.apache.catalina.startup.Catalina.load Server initialization in [395] milliseconds
15-Jul-2024 20:46:29.451 INFORMAÇÕES [main] org.apache.catalina.core.StandardService.startInternal Starting service [Catalina]
15-Jul-2024 20:46:29.451 INFORMAÇÕES [main] org.apache.catalina.core.StandardEngine.startInternal Starting Servlet engine: [Apache Tomcat/10.1.25]
15-Jul-2024 20:46:29.458 INFORMAÇÕES [main] org.apache.catalina.startup.HostConfig.deployDirectory Diretório de instalação da aplicação web [/System/Volumes/Data/Users/leonardocastro/Desktop/JavaAcademy/Lucas Schlestein/ProjetoBibliotecaServlet/apache-tomcat-10.1.25/webapps/docs]
15-Jul-2024 20:46:29.654 INFORMAÇÕES [main] org.apache.catalina.startup.HostConfig.deployDirectory Deployment of web application directory [/System/Volumes/Data/Users/leonardocastro/Desktop/JavaAcademy/Lucas Schlestein/ProjetoBibliotecaServlet/apache-tomcat-10.1.25/webapps/docs] has finished in [194] ms
15-Jul-2024 20:46:29.655 INFORMAÇÕES [main] org.apache.catalina.startup.HostConfig.deployDirectory Diretório de instalação da aplicação web [/System/Volumes/Data/Users/leonardocastro/Desktop/JavaAcademy/Lucas Schlestein/ProjetoBibliotecaServlet/apache-tomcat-10.1.25/webapps/manager]
15-Jul-2024 20:46:29.681 INFORMAÇÕES [main] org.apache.catalina.startup.HostConfig.deployDirectory Deployment of web application directory [/System/Volumes/Data/Users/leonardocastro/Desktop/JavaAcademy/Lucas Schlestein/ProjetoBibliotecaServlet/apache-tomcat-10.1.25/webapps/manager] has finished in [26] ms
15-Jul-2024 20:46:29.681 INFORMAÇÕES [main] org.apache.catalina.startup.HostConfig.deployDirectory Diretório de instalação da aplicação web [/System/Volumes/Data/Users/leonardocastro/Desktop/JavaAcademy/Lucas Schlestein/ProjetoBibliotecaServlet/apache-tomcat-10.1.25/webapps/examples]
15-Jul-2024 20:46:29.891 INFORMAÇÕES [main] org.apache.catalina.startup.HostConfig.deployDirectory Deployment of web application directory [/System/Volumes/Data/Users/leonardocastro/Desktop/JavaAcademy/Lucas Schlestein/ProjetoBibliotecaServlet/apache-tomcat-10.1.25/webapps/examples] has finished in [210] ms
15-Jul-2024 20:46:29.891 INFORMAÇÕES [main] org.apache.catalina.startup.HostConfig.deployDirectory Diretório de instalação da aplicação web [/System/Volumes/Data/Users/leonardocastro/Desktop/JavaAcademy/Lucas Schlestein/ProjetoBibliotecaServlet/apache-tomcat-10.1.25/webapps/ROOT]
15-Jul-2024 20:46:29.906 INFORMAÇÕES [main] org.apache.catalina.startup.HostConfig.deployDirectory Deployment of web application directory [/System/Volumes/Data/Users/leonardocastro/Desktop/JavaAcademy/Lucas Schlestein/ProjetoBibliotecaServlet/apache-tomcat-10.1.25/webapps/ROOT] has finished in [15] ms
15-Jul-2024 20:46:29.906 INFORMAÇÕES [main] org.apache.catalina.startup.HostConfig.deployDirectory Diretório de instalação da aplicação web [/System/Volumes/Data/Users/leonardocastro/Desktop/JavaAcademy/Lucas Schlestein/ProjetoBibliotecaServlet/apache-tomcat-10.1.25/webapps/Biblioteca_war]
15-Jul-2024 20:46:30.887 INFORMAÇÕES [main] org.apache.jasper.servlet.TldScanner.scanJars At least one JAR was scanned for TLDs yet contained no TLDs. Enable debug logging for this logger for a complete list of JARs that were scanned but no TLDs were found in them. Skipping unneeded JARs during scanning can improve startup time and JSP compilation time.
15-Jul-2024 20:46:30.893 INFORMAÇÕES [main] org.apache.catalina.startup.HostConfig.deployDirectory Deployment of web application directory [/System/Volumes/Data/Users/leonardocastro/Desktop/JavaAcademy/Lucas Schlestein/ProjetoBibliotecaServlet/apache-tomcat-10.1.25/webapps/Biblioteca_war] has finished in [987] ms
15-Jul-2024 20:46:30.893 INFORMAÇÕES [main] org.apache.catalina.startup.HostConfig.deployDirectory Diretório de instalação da aplicação web [/System/Volumes/Data/Users/leonardocastro/Desktop/JavaAcademy/Lucas Schlestein/ProjetoBibliotecaServlet/apache-tomcat-10.1.25/webapps/host-manager]
15-Jul-2024 20:46:30.904 INFORMAÇÕES [main] org.apache.catalina.startup.HostConfig.deployDirectory Deployment of web application directory [/System/Volumes/Data/Users/leonardocastro/Desktop/JavaAcademy/Lucas Schlestein/ProjetoBibliotecaServlet/apache-tomcat-10.1.25/webapps/host-manager] has finished in [11] ms
15-Jul-2024 20:46:30.906 INFORMAÇÕES [main] org.apache.catalina.startup.Catalina.start Server startup in [1479] milliseconds
15-Jul-2024 20:46:30.909 GRAVE [main] org.apache.catalina.core.StandardServer.await Failed to create server shutdown socket on address [localhost] and port [8005] (base port [8005] and offset [0])
	java.net.BindException: Address already in use
		at java.base/sun.nio.ch.Net.bind0(Native Method)
		at java.base/sun.nio.ch.Net.bind(Net.java:565)
		at java.base/sun.nio.ch.Net.bind(Net.java:554)
		at java.base/sun.nio.ch.NioSocketImpl.bind(NioSocketImpl.java:636)
		at java.base/java.net.ServerSocket.bind(ServerSocket.java:391)
		at java.base/java.net.ServerSocket.<init>(ServerSocket.java:278)
		at org.apache.catalina.core.StandardServer.await(StandardServer.java:537)
		at org.apache.catalina.startup.Catalina.await(Catalina.java:847)
		at org.apache.catalina.startup.Catalina.start(Catalina.java:795)
		at java.base/jdk.internal.reflect.DirectMethodHandleAccessor.invoke(DirectMethodHandleAccessor.java:103)
		at java.base/java.lang.reflect.Method.invoke(Method.java:580)
		at org.apache.catalina.startup.Bootstrap.start(Bootstrap.java:345)
		at org.apache.catalina.startup.Bootstrap.main(Bootstrap.java:473)
15-Jul-2024 20:46:30.909 INFORMAÇÕES [main] org.apache.coyote.AbstractProtocol.pause Pausing ProtocolHandler ["http-nio-8080"]
15-Jul-2024 20:46:30.909 INFORMAÇÕES [main] org.apache.catalina.core.StandardService.stopInternal Stopping service [Catalina]
15-Jul-2024 20:46:30.918 INFORMAÇÕES [main] org.apache.coyote.AbstractProtocol.stop Stopping ProtocolHandler ["http-nio-8080"]
15-Jul-2024 20:46:30.919 INFORMAÇÕES [main] org.apache.coyote.AbstractProtocol.destroy Destroying ProtocolHandler ["http-nio-8080"]
15-Jul-2024 20:54:33.436 INFORMAÇÕES [main] org.apache.catalina.core.StandardServer.await A valid shutdown command was received via the shutdown port. Stopping the Server instance.
15-Jul-2024 20:54:33.437 INFORMAÇÕES [main] org.apache.coyote.AbstractProtocol.pause Pausing ProtocolHandler ["http-nio-8080"]
15-Jul-2024 20:54:33.441 INFORMAÇÕES [main] org.apache.catalina.core.StandardService.stopInternal Stopping service [Catalina]
15-Jul-2024 20:54:33.457 INFORMAÇÕES [main] org.apache.coyote.AbstractProtocol.stop Stopping ProtocolHandler ["http-nio-8080"]
15-Jul-2024 20:54:33.465 INFORMAÇÕES [main] org.apache.coyote.AbstractProtocol.destroy Destroying ProtocolHandler ["http-nio-8080"]
15-Jul-2024 20:54:39.060 INFORMAÇÕES [main] org.apache.catalina.startup.VersionLoggerListener.log Server version name:   Apache Tomcat/10.1.25
15-Jul-2024 20:54:39.062 INFORMAÇÕES [main] org.apache.catalina.startup.VersionLoggerListener.log Server built:          Jun 14 2024 19:31:59 UTC
15-Jul-2024 20:54:39.063 INFORMAÇÕES [main] org.apache.catalina.startup.VersionLoggerListener.log Server version number: 10.1.25.0
15-Jul-2024 20:54:39.063 INFORMAÇÕES [main] org.apache.catalina.startup.VersionLoggerListener.log OS Name:               Mac OS X
15-Jul-2024 20:54:39.063 INFORMAÇÕES [main] org.apache.catalina.startup.VersionLoggerListener.log OS Version:            14.5
15-Jul-2024 20:54:39.063 INFORMAÇÕES [main] org.apache.catalina.startup.VersionLoggerListener.log Architecture:          aarch64
15-Jul-2024 20:54:39.063 INFORMAÇÕES [main] org.apache.catalina.startup.VersionLoggerListener.log Java Home:             /Users/leonardocastro/Library/Java/JavaVirtualMachines/corretto-21.0.3/Contents/Home
15-Jul-2024 20:54:39.063 INFORMAÇÕES [main] org.apache.catalina.startup.VersionLoggerListener.log JVM Version:           21.0.3+9-LTS
15-Jul-2024 20:54:39.063 INFORMAÇÕES [main] org.apache.catalina.startup.VersionLoggerListener.log JVM Vendor:            Amazon.com Inc.
15-Jul-2024 20:54:39.063 INFORMAÇÕES [main] org.apache.catalina.startup.VersionLoggerListener.log CATALINA_BASE:         /System/Volumes/Data/Users/leonardocastro/Desktop/JavaAcademy/Lucas Schlestein/ProjetoBibliotecaServlet/apache-tomcat-10.1.25
15-Jul-2024 20:54:39.063 INFORMAÇÕES [main] org.apache.catalina.startup.VersionLoggerListener.log CATALINA_HOME:         /System/Volumes/Data/Users/leonardocastro/Desktop/JavaAcademy/Lucas Schlestein/ProjetoBibliotecaServlet/apache-tomcat-10.1.25
15-Jul-2024 20:54:39.071 INFORMAÇÕES [main] org.apache.catalina.startup.VersionLoggerListener.log Command line argument: -Djava.util.logging.config.file=/System/Volumes/Data/Users/leonardocastro/Desktop/JavaAcademy/Lucas Schlestein/ProjetoBibliotecaServlet/apache-tomcat-10.1.25/conf/logging.properties
15-Jul-2024 20:54:39.071 INFORMAÇÕES [main] org.apache.catalina.startup.VersionLoggerListener.log Command line argument: -Djava.util.logging.manager=org.apache.juli.ClassLoaderLogManager
15-Jul-2024 20:54:39.071 INFORMAÇÕES [main] org.apache.catalina.startup.VersionLoggerListener.log Command line argument: -Djdk.tls.ephemeralDHKeySize=2048
15-Jul-2024 20:54:39.071 INFORMAÇÕES [main] org.apache.catalina.startup.VersionLoggerListener.log Command line argument: -Djava.protocol.handler.pkgs=org.apache.catalina.webresources
15-Jul-2024 20:54:39.071 INFORMAÇÕES [main] org.apache.catalina.startup.VersionLoggerListener.log Command line argument: -Dorg.apache.catalina.security.SecurityListener.UMASK=0027
15-Jul-2024 20:54:39.071 INFORMAÇÕES [main] org.apache.catalina.startup.VersionLoggerListener.log Command line argument: --add-opens=java.base/java.lang=ALL-UNNAMED
15-Jul-2024 20:54:39.071 INFORMAÇÕES [main] org.apache.catalina.startup.VersionLoggerListener.log Command line argument: --add-opens=java.base/java.io=ALL-UNNAMED
15-Jul-2024 20:54:39.071 INFORMAÇÕES [main] org.apache.catalina.startup.VersionLoggerListener.log Command line argument: --add-opens=java.base/java.util=ALL-UNNAMED
15-Jul-2024 20:54:39.071 INFORMAÇÕES [main] org.apache.catalina.startup.VersionLoggerListener.log Command line argument: --add-opens=java.base/java.util.concurrent=ALL-UNNAMED
15-Jul-2024 20:54:39.071 INFORMAÇÕES [main] org.apache.catalina.startup.VersionLoggerListener.log Command line argument: --add-opens=java.rmi/sun.rmi.transport=ALL-UNNAMED
15-Jul-2024 20:54:39.071 INFORMAÇÕES [main] org.apache.catalina.startup.VersionLoggerListener.log Command line argument: -Dcatalina.base=/System/Volumes/Data/Users/leonardocastro/Desktop/JavaAcademy/Lucas Schlestein/ProjetoBibliotecaServlet/apache-tomcat-10.1.25
15-Jul-2024 20:54:39.071 INFORMAÇÕES [main] org.apache.catalina.startup.VersionLoggerListener.log Command line argument: -Dcatalina.home=/System/Volumes/Data/Users/leonardocastro/Desktop/JavaAcademy/Lucas Schlestein/ProjetoBibliotecaServlet/apache-tomcat-10.1.25
15-Jul-2024 20:54:39.071 INFORMAÇÕES [main] org.apache.catalina.startup.VersionLoggerListener.log Command line argument: -Djava.io.tmpdir=/System/Volumes/Data/Users/leonardocastro/Desktop/JavaAcademy/Lucas Schlestein/ProjetoBibliotecaServlet/apache-tomcat-10.1.25/temp
15-Jul-2024 20:54:39.076 INFORMAÇÕES [main] org.apache.catalina.core.AprLifecycleListener.lifecycleEvent The Apache Tomcat Native library which allows using OpenSSL was not found on the java.library.path: [/Users/leonardocastro/Library/Java/Extensions:/Library/Java/Extensions:/Network/Library/Java/Extensions:/System/Library/Java/Extensions:/usr/lib/java:.]
15-Jul-2024 20:54:39.226 INFORMAÇÕES [main] org.apache.coyote.AbstractProtocol.init Initializing ProtocolHandler ["http-nio-8080"]
15-Jul-2024 20:54:39.240 INFORMAÇÕES [main] org.apache.catalina.startup.Catalina.load Server initialization in [270] milliseconds
15-Jul-2024 20:54:39.259 INFORMAÇÕES [main] org.apache.catalina.core.StandardService.startInternal Starting service [Catalina]
15-Jul-2024 20:54:39.259 INFORMAÇÕES [main] org.apache.catalina.core.StandardEngine.startInternal Starting Servlet engine: [Apache Tomcat/10.1.25]
15-Jul-2024 20:54:39.263 INFORMAÇÕES [main] org.apache.catalina.startup.HostConfig.deployDirectory Diretório de instalação da aplicação web [/System/Volumes/Data/Users/leonardocastro/Desktop/JavaAcademy/Lucas Schlestein/ProjetoBibliotecaServlet/apache-tomcat-10.1.25/webapps/docs]
15-Jul-2024 20:54:39.419 INFORMAÇÕES [main] org.apache.catalina.startup.HostConfig.deployDirectory Deployment of web application directory [/System/Volumes/Data/Users/leonardocastro/Desktop/JavaAcademy/Lucas Schlestein/ProjetoBibliotecaServlet/apache-tomcat-10.1.25/webapps/docs] has finished in [154] ms
15-Jul-2024 20:54:39.419 INFORMAÇÕES [main] org.apache.catalina.startup.HostConfig.deployDirectory Diretório de instalação da aplicação web [/System/Volumes/Data/Users/leonardocastro/Desktop/JavaAcademy/Lucas Schlestein/ProjetoBibliotecaServlet/apache-tomcat-10.1.25/webapps/manager]
15-Jul-2024 20:54:39.438 INFORMAÇÕES [main] org.apache.catalina.startup.HostConfig.deployDirectory Deployment of web application directory [/System/Volumes/Data/Users/leonardocastro/Desktop/JavaAcademy/Lucas Schlestein/ProjetoBibliotecaServlet/apache-tomcat-10.1.25/webapps/manager] has finished in [19] ms
15-Jul-2024 20:54:39.438 INFORMAÇÕES [main] org.apache.catalina.startup.HostConfig.deployDirectory Diretório de instalação da aplicação web [/System/Volumes/Data/Users/leonardocastro/Desktop/JavaAcademy/Lucas Schlestein/ProjetoBibliotecaServlet/apache-tomcat-10.1.25/webapps/examples]
15-Jul-2024 20:54:39.553 INFORMAÇÕES [main] org.apache.catalina.startup.HostConfig.deployDirectory Deployment of web application directory [/System/Volumes/Data/Users/leonardocastro/Desktop/JavaAcademy/Lucas Schlestein/ProjetoBibliotecaServlet/apache-tomcat-10.1.25/webapps/examples] has finished in [115] ms
15-Jul-2024 20:54:39.554 INFORMAÇÕES [main] org.apache.catalina.startup.HostConfig.deployDirectory Diretório de instalação da aplicação web [/System/Volumes/Data/Users/leonardocastro/Desktop/JavaAcademy/Lucas Schlestein/ProjetoBibliotecaServlet/apache-tomcat-10.1.25/webapps/ROOT]
15-Jul-2024 20:54:39.562 INFORMAÇÕES [main] org.apache.catalina.startup.HostConfig.deployDirectory Deployment of web application directory [/System/Volumes/Data/Users/leonardocastro/Desktop/JavaAcademy/Lucas Schlestein/ProjetoBibliotecaServlet/apache-tomcat-10.1.25/webapps/ROOT] has finished in [8] ms
15-Jul-2024 20:54:39.562 INFORMAÇÕES [main] org.apache.catalina.startup.HostConfig.deployDirectory Diretório de instalação da aplicação web [/System/Volumes/Data/Users/leonardocastro/Desktop/JavaAcademy/Lucas Schlestein/ProjetoBibliotecaServlet/apache-tomcat-10.1.25/webapps/Biblioteca_war]
15-Jul-2024 20:54:40.202 INFORMAÇÕES [main] org.apache.jasper.servlet.TldScanner.scanJars At least one JAR was scanned for TLDs yet contained no TLDs. Enable debug logging for this logger for a complete list of JARs that were scanned but no TLDs were found in them. Skipping unneeded JARs during scanning can improve startup time and JSP compilation time.
15-Jul-2024 20:54:40.209 INFORMAÇÕES [main] org.apache.catalina.startup.HostConfig.deployDirectory Deployment of web application directory [/System/Volumes/Data/Users/leonardocastro/Desktop/JavaAcademy/Lucas Schlestein/ProjetoBibliotecaServlet/apache-tomcat-10.1.25/webapps/Biblioteca_war] has finished in [647] ms
15-Jul-2024 20:54:40.209 INFORMAÇÕES [main] org.apache.catalina.startup.HostConfig.deployDirectory Diretório de instalação da aplicação web [/System/Volumes/Data/Users/leonardocastro/Desktop/JavaAcademy/Lucas Schlestein/ProjetoBibliotecaServlet/apache-tomcat-10.1.25/webapps/host-manager]
15-Jul-2024 20:54:40.218 INFORMAÇÕES [main] org.apache.catalina.startup.HostConfig.deployDirectory Deployment of web application directory [/System/Volumes/Data/Users/leonardocastro/Desktop/JavaAcademy/Lucas Schlestein/ProjetoBibliotecaServlet/apache-tomcat-10.1.25/webapps/host-manager] has finished in [9] ms
15-Jul-2024 20:54:40.219 INFORMAÇÕES [main] org.apache.coyote.AbstractProtocol.start Starting ProtocolHandler ["http-nio-8080"]
15-Jul-2024 20:54:40.224 INFORMAÇÕES [main] org.apache.catalina.startup.Catalina.start Server startup in [983] milliseconds
15-Jul-2024 21:10:01.146 INFORMAÇÕES [Catalina-utility-2] org.apache.catalina.startup.HostConfig.deployWAR Deploying web application archive [/System/Volumes/Data/Users/leonardocastro/Desktop/JavaAcademy/Lucas Schlestein/ProjetoBibliotecaServlet/apache-tomcat-10.1.25/webapps/biblioteca-1.0-SNAPSHOT.war]
15-Jul-2024 21:10:01.640 INFORMAÇÕES [Catalina-utility-2] org.apache.jasper.servlet.TldScanner.scanJars At least one JAR was scanned for TLDs yet contained no TLDs. Enable debug logging for this logger for a complete list of JARs that were scanned but no TLDs were found in them. Skipping unneeded JARs during scanning can improve startup time and JSP compilation time.
15-Jul-2024 21:10:01.643 INFORMAÇÕES [Catalina-utility-2] org.apache.catalina.startup.HostConfig.deployWAR Deployment of web application archive [/System/Volumes/Data/Users/leonardocastro/Desktop/JavaAcademy/Lucas Schlestein/ProjetoBibliotecaServlet/apache-tomcat-10.1.25/webapps/biblioteca-1.0-SNAPSHOT.war] has finished in [498] ms
15-Jul-2024 21:10:29.821 INFORMAÇÕES [main] org.apache.catalina.core.StandardServer.await A valid shutdown command was received via the shutdown port. Stopping the Server instance.
15-Jul-2024 21:10:29.824 INFORMAÇÕES [main] org.apache.coyote.AbstractProtocol.pause Pausing ProtocolHandler ["http-nio-8080"]
15-Jul-2024 21:10:29.837 INFORMAÇÕES [main] org.apache.catalina.core.StandardService.stopInternal Stopping service [Catalina]
15-Jul-2024 21:10:29.857 INFORMAÇÕES [main] org.apache.coyote.AbstractProtocol.stop Stopping ProtocolHandler ["http-nio-8080"]
15-Jul-2024 21:10:29.860 INFORMAÇÕES [main] org.apache.coyote.AbstractProtocol.destroy Destroying ProtocolHandler ["http-nio-8080"]
15-Jul-2024 21:10:45.421 INFORMAÇÕES [main] org.apache.catalina.startup.VersionLoggerListener.log Server version name:   Apache Tomcat/10.1.25
15-Jul-2024 21:10:45.424 INFORMAÇÕES [main] org.apache.catalina.startup.VersionLoggerListener.log Server built:          Jun 14 2024 19:31:59 UTC
15-Jul-2024 21:10:45.424 INFORMAÇÕES [main] org.apache.catalina.startup.VersionLoggerListener.log Server version number: 10.1.25.0
15-Jul-2024 21:10:45.424 INFORMAÇÕES [main] org.apache.catalina.startup.VersionLoggerListener.log OS Name:               Mac OS X
15-Jul-2024 21:10:45.424 INFORMAÇÕES [main] org.apache.catalina.startup.VersionLoggerListener.log OS Version:            14.5
15-Jul-2024 21:10:45.424 INFORMAÇÕES [main] org.apache.catalina.startup.VersionLoggerListener.log Architecture:          aarch64
15-Jul-2024 21:10:45.424 INFORMAÇÕES [main] org.apache.catalina.startup.VersionLoggerListener.log Java Home:             /Users/leonardocastro/Library/Java/JavaVirtualMachines/corretto-21.0.3/Contents/Home
15-Jul-2024 21:10:45.424 INFORMAÇÕES [main] org.apache.catalina.startup.VersionLoggerListener.log JVM Version:           21.0.3+9-LTS
15-Jul-2024 21:10:45.424 INFORMAÇÕES [main] org.apache.catalina.startup.VersionLoggerListener.log JVM Vendor:            Amazon.com Inc.
15-Jul-2024 21:10:45.424 INFORMAÇÕES [main] org.apache.catalina.startup.VersionLoggerListener.log CATALINA_BASE:         /System/Volumes/Data/Users/leonardocastro/Desktop/JavaAcademy/Lucas Schlestein/ProjetoBibliotecaServlet/apache-tomcat-10.1.25
15-Jul-2024 21:10:45.424 INFORMAÇÕES [main] org.apache.catalina.startup.VersionLoggerListener.log CATALINA_HOME:         /System/Volumes/Data/Users/leonardocastro/Desktop/JavaAcademy/Lucas Schlestein/ProjetoBibliotecaServlet/apache-tomcat-10.1.25
15-Jul-2024 21:10:45.432 INFORMAÇÕES [main] org.apache.catalina.startup.VersionLoggerListener.log Command line argument: -Djava.util.logging.config.file=/System/Volumes/Data/Users/leonardocastro/Desktop/JavaAcademy/Lucas Schlestein/ProjetoBibliotecaServlet/apache-tomcat-10.1.25/conf/logging.properties
15-Jul-2024 21:10:45.432 INFORMAÇÕES [main] org.apache.catalina.startup.VersionLoggerListener.log Command line argument: -Djava.util.logging.manager=org.apache.juli.ClassLoaderLogManager
15-Jul-2024 21:10:45.432 INFORMAÇÕES [main] org.apache.catalina.startup.VersionLoggerListener.log Command line argument: -Djdk.tls.ephemeralDHKeySize=2048
15-Jul-2024 21:10:45.432 INFORMAÇÕES [main] org.apache.catalina.startup.VersionLoggerListener.log Command line argument: -Djava.protocol.handler.pkgs=org.apache.catalina.webresources
15-Jul-2024 21:10:45.432 INFORMAÇÕES [main] org.apache.catalina.startup.VersionLoggerListener.log Command line argument: -Dorg.apache.catalina.security.SecurityListener.UMASK=0027
15-Jul-2024 21:10:45.432 INFORMAÇÕES [main] org.apache.catalina.startup.VersionLoggerListener.log Command line argument: --add-opens=java.base/java.lang=ALL-UNNAMED
15-Jul-2024 21:10:45.432 INFORMAÇÕES [main] org.apache.catalina.startup.VersionLoggerListener.log Command line argument: --add-opens=java.base/java.io=ALL-UNNAMED
15-Jul-2024 21:10:45.432 INFORMAÇÕES [main] org.apache.catalina.startup.VersionLoggerListener.log Command line argument: --add-opens=java.base/java.util=ALL-UNNAMED
15-Jul-2024 21:10:45.432 INFORMAÇÕES [main] org.apache.catalina.startup.VersionLoggerListener.log Command line argument: --add-opens=java.base/java.util.concurrent=ALL-UNNAMED
15-Jul-2024 21:10:45.433 INFORMAÇÕES [main] org.apache.catalina.startup.VersionLoggerListener.log Command line argument: --add-opens=java.rmi/sun.rmi.transport=ALL-UNNAMED
15-Jul-2024 21:10:45.433 INFORMAÇÕES [main] org.apache.catalina.startup.VersionLoggerListener.log Command line argument: -Dcatalina.base=/System/Volumes/Data/Users/leonardocastro/Desktop/JavaAcademy/Lucas Schlestein/ProjetoBibliotecaServlet/apache-tomcat-10.1.25
15-Jul-2024 21:10:45.433 INFORMAÇÕES [main] org.apache.catalina.startup.VersionLoggerListener.log Command line argument: -Dcatalina.home=/System/Volumes/Data/Users/leonardocastro/Desktop/JavaAcademy/Lucas Schlestein/ProjetoBibliotecaServlet/apache-tomcat-10.1.25
15-Jul-2024 21:10:45.433 INFORMAÇÕES [main] org.apache.catalina.startup.VersionLoggerListener.log Command line argument: -Djava.io.tmpdir=/System/Volumes/Data/Users/leonardocastro/Desktop/JavaAcademy/Lucas Schlestein/ProjetoBibliotecaServlet/apache-tomcat-10.1.25/temp
15-Jul-2024 21:10:45.439 INFORMAÇÕES [main] org.apache.catalina.core.AprLifecycleListener.lifecycleEvent The Apache Tomcat Native library which allows using OpenSSL was not found on the java.library.path: [/Users/leonardocastro/Library/Java/Extensions:/Library/Java/Extensions:/Network/Library/Java/Extensions:/System/Library/Java/Extensions:/usr/lib/java:.]
15-Jul-2024 21:10:45.594 INFORMAÇÕES [main] org.apache.coyote.AbstractProtocol.init Initializing ProtocolHandler ["http-nio-8080"]
15-Jul-2024 21:10:45.610 INFORMAÇÕES [main] org.apache.catalina.startup.Catalina.load Server initialization in [292] milliseconds
15-Jul-2024 21:10:45.630 INFORMAÇÕES [main] org.apache.catalina.core.StandardService.startInternal Starting service [Catalina]
15-Jul-2024 21:10:45.630 INFORMAÇÕES [main] org.apache.catalina.core.StandardEngine.startInternal Starting Servlet engine: [Apache Tomcat/10.1.25]
15-Jul-2024 21:10:45.640 INFORMAÇÕES [main] org.apache.catalina.startup.HostConfig.deployWAR Deploying web application archive [/System/Volumes/Data/Users/leonardocastro/Desktop/JavaAcademy/Lucas Schlestein/ProjetoBibliotecaServlet/apache-tomcat-10.1.25/webapps/biblioteca-1.0-SNAPSHOT.war]
15-Jul-2024 21:10:46.173 INFORMAÇÕES [main] org.apache.jasper.servlet.TldScanner.scanJars At least one JAR was scanned for TLDs yet contained no TLDs. Enable debug logging for this logger for a complete list of JARs that were scanned but no TLDs were found in them. Skipping unneeded JARs during scanning can improve startup time and JSP compilation time.
15-Jul-2024 21:10:46.195 INFORMAÇÕES [main] org.apache.catalina.startup.HostConfig.deployWAR Deployment of web application archive [/System/Volumes/Data/Users/leonardocastro/Desktop/JavaAcademy/Lucas Schlestein/ProjetoBibliotecaServlet/apache-tomcat-10.1.25/webapps/biblioteca-1.0-SNAPSHOT.war] has finished in [553] ms
15-Jul-2024 21:10:46.195 INFORMAÇÕES [main] org.apache.catalina.startup.HostConfig.deployDirectory Diretório de instalação da aplicação web [/System/Volumes/Data/Users/leonardocastro/Desktop/JavaAcademy/Lucas Schlestein/ProjetoBibliotecaServlet/apache-tomcat-10.1.25/webapps/docs]
15-Jul-2024 21:10:46.208 INFORMAÇÕES [main] org.apache.catalina.startup.HostConfig.deployDirectory Deployment of web application directory [/System/Volumes/Data/Users/leonardocastro/Desktop/JavaAcademy/Lucas Schlestein/ProjetoBibliotecaServlet/apache-tomcat-10.1.25/webapps/docs] has finished in [13] ms
15-Jul-2024 21:10:46.208 INFORMAÇÕES [main] org.apache.catalina.startup.HostConfig.deployDirectory Diretório de instalação da aplicação web [/System/Volumes/Data/Users/leonardocastro/Desktop/JavaAcademy/Lucas Schlestein/ProjetoBibliotecaServlet/apache-tomcat-10.1.25/webapps/manager]
15-Jul-2024 21:10:46.225 INFORMAÇÕES [main] org.apache.catalina.startup.HostConfig.deployDirectory Deployment of web application directory [/System/Volumes/Data/Users/leonardocastro/Desktop/JavaAcademy/Lucas Schlestein/ProjetoBibliotecaServlet/apache-tomcat-10.1.25/webapps/manager] has finished in [17] ms
15-Jul-2024 21:10:46.225 INFORMAÇÕES [main] org.apache.catalina.startup.HostConfig.deployDirectory Diretório de instalação da aplicação web [/System/Volumes/Data/Users/leonardocastro/Desktop/JavaAcademy/Lucas Schlestein/ProjetoBibliotecaServlet/apache-tomcat-10.1.25/webapps/examples]
15-Jul-2024 21:10:46.308 INFORMAÇÕES [main] org.apache.catalina.startup.HostConfig.deployDirectory Deployment of web application directory [/System/Volumes/Data/Users/leonardocastro/Desktop/JavaAcademy/Lucas Schlestein/ProjetoBibliotecaServlet/apache-tomcat-10.1.25/webapps/examples] has finished in [83] ms
15-Jul-2024 21:10:46.308 INFORMAÇÕES [main] org.apache.catalina.startup.HostConfig.deployDirectory Diretório de instalação da aplicação web [/System/Volumes/Data/Users/leonardocastro/Desktop/JavaAcademy/Lucas Schlestein/ProjetoBibliotecaServlet/apache-tomcat-10.1.25/webapps/ROOT]
15-Jul-2024 21:10:46.319 INFORMAÇÕES [main] org.apache.catalina.startup.HostConfig.deployDirectory Deployment of web application directory [/System/Volumes/Data/Users/leonardocastro/Desktop/JavaAcademy/Lucas Schlestein/ProjetoBibliotecaServlet/apache-tomcat-10.1.25/webapps/ROOT] has finished in [11] ms
15-Jul-2024 21:10:46.319 INFORMAÇÕES [main] org.apache.catalina.startup.HostConfig.deployDirectory Diretório de instalação da aplicação web [/System/Volumes/Data/Users/leonardocastro/Desktop/JavaAcademy/Lucas Schlestein/ProjetoBibliotecaServlet/apache-tomcat-10.1.25/webapps/Biblioteca_war]
15-Jul-2024 21:10:46.912 INFORMAÇÕES [main] org.apache.jasper.servlet.TldScanner.scanJars At least one JAR was scanned for TLDs yet contained no TLDs. Enable debug logging for this logger for a complete list of JARs that were scanned but no TLDs were found in them. Skipping unneeded JARs during scanning can improve startup time and JSP compilation time.
15-Jul-2024 21:10:46.916 INFORMAÇÕES [main] org.apache.catalina.startup.HostConfig.deployDirectory Deployment of web application directory [/System/Volumes/Data/Users/leonardocastro/Desktop/JavaAcademy/Lucas Schlestein/ProjetoBibliotecaServlet/apache-tomcat-10.1.25/webapps/Biblioteca_war] has finished in [597] ms
15-Jul-2024 21:10:46.917 INFORMAÇÕES [main] org.apache.catalina.startup.HostConfig.deployDirectory Diretório de instalação da aplicação web [/System/Volumes/Data/Users/leonardocastro/Desktop/JavaAcademy/Lucas Schlestein/ProjetoBibliotecaServlet/apache-tomcat-10.1.25/webapps/host-manager]
15-Jul-2024 21:10:46.925 INFORMAÇÕES [main] org.apache.catalina.startup.HostConfig.deployDirectory Deployment of web application directory [/System/Volumes/Data/Users/leonardocastro/Desktop/JavaAcademy/Lucas Schlestein/ProjetoBibliotecaServlet/apache-tomcat-10.1.25/webapps/host-manager] has finished in [8] ms
15-Jul-2024 21:10:46.926 INFORMAÇÕES [main] org.apache.coyote.AbstractProtocol.start Starting ProtocolHandler ["http-nio-8080"]
15-Jul-2024 21:10:46.931 INFORMAÇÕES [main] org.apache.catalina.startup.Catalina.start Server startup in [1321] milliseconds
15-Jul-2024 21:12:27.036 INFORMAÇÕES [Catalina-utility-1] org.apache.catalina.startup.HostConfig.undeploy Undeploying context [/biblioteca-1.0-SNAPSHOT]
15-Jul-2024 21:12:27.070 INFORMAÇÕES [Catalina-utility-1] org.apache.catalina.startup.HostConfig.deployWAR Deploying web application archive [/System/Volumes/Data/Users/leonardocastro/Desktop/JavaAcademy/Lucas Schlestein/ProjetoBibliotecaServlet/apache-tomcat-10.1.25/webapps/biblioteca-1.0-SNAPSHOT.war]
15-Jul-2024 21:12:27.519 INFORMAÇÕES [Catalina-utility-1] org.apache.jasper.servlet.TldScanner.scanJars At least one JAR was scanned for TLDs yet contained no TLDs. Enable debug logging for this logger for a complete list of JARs that were scanned but no TLDs were found in them. Skipping unneeded JARs during scanning can improve startup time and JSP compilation time.
15-Jul-2024 21:12:27.522 INFORMAÇÕES [Catalina-utility-1] org.apache.catalina.startup.HostConfig.deployWAR Deployment of web application archive [/System/Volumes/Data/Users/leonardocastro/Desktop/JavaAcademy/Lucas Schlestein/ProjetoBibliotecaServlet/apache-tomcat-10.1.25/webapps/biblioteca-1.0-SNAPSHOT.war] has finished in [452] ms
15-Jul-2024 21:13:09.921 INFORMAÇÕES [main] org.apache.catalina.startup.VersionLoggerListener.log Server version name:   Apache Tomcat/10.1.25
15-Jul-2024 21:13:09.927 INFORMAÇÕES [main] org.apache.catalina.startup.VersionLoggerListener.log Server built:          Jun 14 2024 19:31:59 UTC
15-Jul-2024 21:13:09.927 INFORMAÇÕES [main] org.apache.catalina.startup.VersionLoggerListener.log Server version number: 10.1.25.0
15-Jul-2024 21:13:09.927 INFORMAÇÕES [main] org.apache.catalina.startup.VersionLoggerListener.log OS Name:               Mac OS X
15-Jul-2024 21:13:09.927 INFORMAÇÕES [main] org.apache.catalina.startup.VersionLoggerListener.log OS Version:            14.5
15-Jul-2024 21:13:09.927 INFORMAÇÕES [main] org.apache.catalina.startup.VersionLoggerListener.log Architecture:          aarch64
15-Jul-2024 21:13:09.927 INFORMAÇÕES [main] org.apache.catalina.startup.VersionLoggerListener.log Java Home:             /Users/leonardocastro/Library/Java/JavaVirtualMachines/corretto-21.0.3/Contents/Home
15-Jul-2024 21:13:09.927 INFORMAÇÕES [main] org.apache.catalina.startup.VersionLoggerListener.log JVM Version:           21.0.3+9-LTS
15-Jul-2024 21:13:09.927 INFORMAÇÕES [main] org.apache.catalina.startup.VersionLoggerListener.log JVM Vendor:            Amazon.com Inc.
15-Jul-2024 21:13:09.927 INFORMAÇÕES [main] org.apache.catalina.startup.VersionLoggerListener.log CATALINA_BASE:         /System/Volumes/Data/Users/leonardocastro/Desktop/JavaAcademy/Lucas Schlestein/ProjetoBibliotecaServlet/apache-tomcat-10.1.25
15-Jul-2024 21:13:09.927 INFORMAÇÕES [main] org.apache.catalina.startup.VersionLoggerListener.log CATALINA_HOME:         /System/Volumes/Data/Users/leonardocastro/Desktop/JavaAcademy/Lucas Schlestein/ProjetoBibliotecaServlet/apache-tomcat-10.1.25
15-Jul-2024 21:13:09.933 INFORMAÇÕES [main] org.apache.catalina.startup.VersionLoggerListener.log Command line argument: -Djava.util.logging.config.file=/System/Volumes/Data/Users/leonardocastro/Desktop/JavaAcademy/Lucas Schlestein/ProjetoBibliotecaServlet/apache-tomcat-10.1.25/conf/logging.properties
15-Jul-2024 21:13:09.933 INFORMAÇÕES [main] org.apache.catalina.startup.VersionLoggerListener.log Command line argument: -Djava.util.logging.manager=org.apache.juli.ClassLoaderLogManager
15-Jul-2024 21:13:09.933 INFORMAÇÕES [main] org.apache.catalina.startup.VersionLoggerListener.log Command line argument: -Djdk.tls.ephemeralDHKeySize=2048
15-Jul-2024 21:13:09.933 INFORMAÇÕES [main] org.apache.catalina.startup.VersionLoggerListener.log Command line argument: -Djava.protocol.handler.pkgs=org.apache.catalina.webresources
15-Jul-2024 21:13:09.933 INFORMAÇÕES [main] org.apache.catalina.startup.VersionLoggerListener.log Command line argument: -Dorg.apache.catalina.security.SecurityListener.UMASK=0027
15-Jul-2024 21:13:09.933 INFORMAÇÕES [main] org.apache.catalina.startup.VersionLoggerListener.log Command line argument: --add-opens=java.base/java.lang=ALL-UNNAMED
15-Jul-2024 21:13:09.933 INFORMAÇÕES [main] org.apache.catalina.startup.VersionLoggerListener.log Command line argument: --add-opens=java.base/java.io=ALL-UNNAMED
15-Jul-2024 21:13:09.933 INFORMAÇÕES [main] org.apache.catalina.startup.VersionLoggerListener.log Command line argument: --add-opens=java.base/java.util=ALL-UNNAMED
15-Jul-2024 21:13:09.933 INFORMAÇÕES [main] org.apache.catalina.startup.VersionLoggerListener.log Command line argument: --add-opens=java.base/java.util.concurrent=ALL-UNNAMED
15-Jul-2024 21:13:09.933 INFORMAÇÕES [main] org.apache.catalina.startup.VersionLoggerListener.log Command line argument: --add-opens=java.rmi/sun.rmi.transport=ALL-UNNAMED
15-Jul-2024 21:13:09.933 INFORMAÇÕES [main] org.apache.catalina.startup.VersionLoggerListener.log Command line argument: -Dcatalina.base=/System/Volumes/Data/Users/leonardocastro/Desktop/JavaAcademy/Lucas Schlestein/ProjetoBibliotecaServlet/apache-tomcat-10.1.25
15-Jul-2024 21:13:09.933 INFORMAÇÕES [main] org.apache.catalina.startup.VersionLoggerListener.log Command line argument: -Dcatalina.home=/System/Volumes/Data/Users/leonardocastro/Desktop/JavaAcademy/Lucas Schlestein/ProjetoBibliotecaServlet/apache-tomcat-10.1.25
15-Jul-2024 21:13:09.933 INFORMAÇÕES [main] org.apache.catalina.startup.VersionLoggerListener.log Command line argument: -Djava.io.tmpdir=/System/Volumes/Data/Users/leonardocastro/Desktop/JavaAcademy/Lucas Schlestein/ProjetoBibliotecaServlet/apache-tomcat-10.1.25/temp
15-Jul-2024 21:13:09.942 INFORMAÇÕES [main] org.apache.catalina.core.AprLifecycleListener.lifecycleEvent The Apache Tomcat Native library which allows using OpenSSL was not found on the java.library.path: [/Users/leonardocastro/Library/Java/Extensions:/Library/Java/Extensions:/Network/Library/Java/Extensions:/System/Library/Java/Extensions:/usr/lib/java:.]
15-Jul-2024 21:13:10.105 INFORMAÇÕES [main] org.apache.coyote.AbstractProtocol.init Initializing ProtocolHandler ["http-nio-8080"]
15-Jul-2024 21:13:10.115 GRAVE [main] org.apache.catalina.util.LifecycleBase.handleSubClassException Failed to initialize component [Connector["http-nio-8080"]]
	org.apache.catalina.LifecycleException: Protocol handler initialization failed
		at org.apache.catalina.connector.Connector.initInternal(Connector.java:1016)
		at org.apache.catalina.util.LifecycleBase.init(LifecycleBase.java:122)
		at org.apache.catalina.core.StandardService.initInternal(StandardService.java:525)
		at org.apache.catalina.util.LifecycleBase.init(LifecycleBase.java:122)
		at org.apache.catalina.core.StandardServer.initInternal(StandardServer.java:961)
		at org.apache.catalina.util.LifecycleBase.init(LifecycleBase.java:122)
		at org.apache.catalina.startup.Catalina.load(Catalina.java:708)
		at org.apache.catalina.startup.Catalina.load(Catalina.java:731)
		at java.base/jdk.internal.reflect.DirectMethodHandleAccessor.invoke(DirectMethodHandleAccessor.java:103)
		at java.base/java.lang.reflect.Method.invoke(Method.java:580)
		at org.apache.catalina.startup.Bootstrap.load(Bootstrap.java:302)
		at org.apache.catalina.startup.Bootstrap.main(Bootstrap.java:472)
	Caused by: java.net.BindException: Address already in use
		at java.base/sun.nio.ch.Net.bind0(Native Method)
		at java.base/sun.nio.ch.Net.bind(Net.java:565)
		at java.base/sun.nio.ch.ServerSocketChannelImpl.netBind(ServerSocketChannelImpl.java:344)
		at java.base/sun.nio.ch.ServerSocketChannelImpl.bind(ServerSocketChannelImpl.java:301)
		at org.apache.tomcat.util.net.NioEndpoint.initServerSocket(NioEndpoint.java:239)
		at org.apache.tomcat.util.net.NioEndpoint.bind(NioEndpoint.java:194)
		at org.apache.tomcat.util.net.AbstractEndpoint.bindWithCleanup(AbstractEndpoint.java:1304)
		at org.apache.tomcat.util.net.AbstractEndpoint.init(AbstractEndpoint.java:1317)
		at org.apache.coyote.AbstractProtocol.init(AbstractProtocol.java:632)
		at org.apache.coyote.http11.AbstractHttp11Protocol.init(AbstractHttp11Protocol.java:77)
		at org.apache.catalina.connector.Connector.initInternal(Connector.java:1014)
		... 11 more
15-Jul-2024 21:13:10.116 INFORMAÇÕES [main] org.apache.catalina.startup.Catalina.load Server initialization in [286] milliseconds
15-Jul-2024 21:13:10.134 INFORMAÇÕES [main] org.apache.catalina.core.StandardService.startInternal Starting service [Catalina]
15-Jul-2024 21:13:10.134 INFORMAÇÕES [main] org.apache.catalina.core.StandardEngine.startInternal Starting Servlet engine: [Apache Tomcat/10.1.25]
15-Jul-2024 21:13:10.144 INFORMAÇÕES [main] org.apache.catalina.startup.HostConfig.deployWAR Deploying web application archive [/System/Volumes/Data/Users/leonardocastro/Desktop/JavaAcademy/Lucas Schlestein/ProjetoBibliotecaServlet/apache-tomcat-10.1.25/webapps/biblioteca-1.0-SNAPSHOT.war]
15-Jul-2024 21:13:10.726 INFORMAÇÕES [main] org.apache.jasper.servlet.TldScanner.scanJars At least one JAR was scanned for TLDs yet contained no TLDs. Enable debug logging for this logger for a complete list of JARs that were scanned but no TLDs were found in them. Skipping unneeded JARs during scanning can improve startup time and JSP compilation time.
15-Jul-2024 21:13:10.748 INFORMAÇÕES [main] org.apache.catalina.startup.HostConfig.deployWAR Deployment of web application archive [/System/Volumes/Data/Users/leonardocastro/Desktop/JavaAcademy/Lucas Schlestein/ProjetoBibliotecaServlet/apache-tomcat-10.1.25/webapps/biblioteca-1.0-SNAPSHOT.war] has finished in [602] ms
15-Jul-2024 21:13:10.749 INFORMAÇÕES [main] org.apache.catalina.startup.HostConfig.deployDirectory Diretório de instalação da aplicação web [/System/Volumes/Data/Users/leonardocastro/Desktop/JavaAcademy/Lucas Schlestein/ProjetoBibliotecaServlet/apache-tomcat-10.1.25/webapps/docs]
15-Jul-2024 21:13:10.761 INFORMAÇÕES [main] org.apache.catalina.startup.HostConfig.deployDirectory Deployment of web application directory [/System/Volumes/Data/Users/leonardocastro/Desktop/JavaAcademy/Lucas Schlestein/ProjetoBibliotecaServlet/apache-tomcat-10.1.25/webapps/docs] has finished in [12] ms
15-Jul-2024 21:13:10.761 INFORMAÇÕES [main] org.apache.catalina.startup.HostConfig.deployDirectory Diretório de instalação da aplicação web [/System/Volumes/Data/Users/leonardocastro/Desktop/JavaAcademy/Lucas Schlestein/ProjetoBibliotecaServlet/apache-tomcat-10.1.25/webapps/manager]
15-Jul-2024 21:13:10.778 INFORMAÇÕES [main] org.apache.catalina.startup.HostConfig.deployDirectory Deployment of web application directory [/System/Volumes/Data/Users/leonardocastro/Desktop/JavaAcademy/Lucas Schlestein/ProjetoBibliotecaServlet/apache-tomcat-10.1.25/webapps/manager] has finished in [17] ms
15-Jul-2024 21:13:10.778 INFORMAÇÕES [main] org.apache.catalina.startup.HostConfig.deployDirectory Diretório de instalação da aplicação web [/System/Volumes/Data/Users/leonardocastro/Desktop/JavaAcademy/Lucas Schlestein/ProjetoBibliotecaServlet/apache-tomcat-10.1.25/webapps/examples]
15-Jul-2024 21:13:10.861 INFORMAÇÕES [main] org.apache.catalina.startup.HostConfig.deployDirectory Deployment of web application directory [/System/Volumes/Data/Users/leonardocastro/Desktop/JavaAcademy/Lucas Schlestein/ProjetoBibliotecaServlet/apache-tomcat-10.1.25/webapps/examples] has finished in [83] ms
15-Jul-2024 21:13:10.861 INFORMAÇÕES [main] org.apache.catalina.startup.HostConfig.deployDirectory Diretório de instalação da aplicação web [/System/Volumes/Data/Users/leonardocastro/Desktop/JavaAcademy/Lucas Schlestein/ProjetoBibliotecaServlet/apache-tomcat-10.1.25/webapps/ROOT]
15-Jul-2024 21:13:10.872 INFORMAÇÕES [main] org.apache.catalina.startup.HostConfig.deployDirectory Deployment of web application directory [/System/Volumes/Data/Users/leonardocastro/Desktop/JavaAcademy/Lucas Schlestein/ProjetoBibliotecaServlet/apache-tomcat-10.1.25/webapps/ROOT] has finished in [11] ms
15-Jul-2024 21:13:10.872 INFORMAÇÕES [main] org.apache.catalina.startup.HostConfig.deployDirectory Diretório de instalação da aplicação web [/System/Volumes/Data/Users/leonardocastro/Desktop/JavaAcademy/Lucas Schlestein/ProjetoBibliotecaServlet/apache-tomcat-10.1.25/webapps/Biblioteca_war]
15-Jul-2024 21:13:11.500 INFORMAÇÕES [main] org.apache.jasper.servlet.TldScanner.scanJars At least one JAR was scanned for TLDs yet contained no TLDs. Enable debug logging for this logger for a complete list of JARs that were scanned but no TLDs were found in them. Skipping unneeded JARs during scanning can improve startup time and JSP compilation time.
15-Jul-2024 21:13:11.504 INFORMAÇÕES [main] org.apache.catalina.startup.HostConfig.deployDirectory Deployment of web application directory [/System/Volumes/Data/Users/leonardocastro/Desktop/JavaAcademy/Lucas Schlestein/ProjetoBibliotecaServlet/apache-tomcat-10.1.25/webapps/Biblioteca_war] has finished in [632] ms
15-Jul-2024 21:13:11.504 INFORMAÇÕES [main] org.apache.catalina.startup.HostConfig.deployDirectory Diretório de instalação da aplicação web [/System/Volumes/Data/Users/leonardocastro/Desktop/JavaAcademy/Lucas Schlestein/ProjetoBibliotecaServlet/apache-tomcat-10.1.25/webapps/host-manager]
15-Jul-2024 21:13:11.513 INFORMAÇÕES [main] org.apache.catalina.startup.HostConfig.deployDirectory Deployment of web application directory [/System/Volumes/Data/Users/leonardocastro/Desktop/JavaAcademy/Lucas Schlestein/ProjetoBibliotecaServlet/apache-tomcat-10.1.25/webapps/host-manager] has finished in [8] ms
15-Jul-2024 21:13:11.515 INFORMAÇÕES [main] org.apache.catalina.startup.Catalina.start Server startup in [1398] milliseconds
15-Jul-2024 21:13:11.517 GRAVE [main] org.apache.catalina.core.StandardServer.await Failed to create server shutdown socket on address [localhost] and port [8005] (base port [8005] and offset [0])
	java.net.BindException: Address already in use
		at java.base/sun.nio.ch.Net.bind0(Native Method)
		at java.base/sun.nio.ch.Net.bind(Net.java:565)
		at java.base/sun.nio.ch.Net.bind(Net.java:554)
		at java.base/sun.nio.ch.NioSocketImpl.bind(NioSocketImpl.java:636)
		at java.base/java.net.ServerSocket.bind(ServerSocket.java:391)
		at java.base/java.net.ServerSocket.<init>(ServerSocket.java:278)
		at org.apache.catalina.core.StandardServer.await(StandardServer.java:537)
		at org.apache.catalina.startup.Catalina.await(Catalina.java:847)
		at org.apache.catalina.startup.Catalina.start(Catalina.java:795)
		at java.base/jdk.internal.reflect.DirectMethodHandleAccessor.invoke(DirectMethodHandleAccessor.java:103)
		at java.base/java.lang.reflect.Method.invoke(Method.java:580)
		at org.apache.catalina.startup.Bootstrap.start(Bootstrap.java:345)
		at org.apache.catalina.startup.Bootstrap.main(Bootstrap.java:473)
15-Jul-2024 21:13:11.517 INFORMAÇÕES [main] org.apache.coyote.AbstractProtocol.pause Pausing ProtocolHandler ["http-nio-8080"]
15-Jul-2024 21:13:11.517 INFORMAÇÕES [main] org.apache.catalina.core.StandardService.stopInternal Stopping service [Catalina]
15-Jul-2024 21:13:11.527 INFORMAÇÕES [main] org.apache.coyote.AbstractProtocol.stop Stopping ProtocolHandler ["http-nio-8080"]
15-Jul-2024 21:13:11.527 INFORMAÇÕES [main] org.apache.coyote.AbstractProtocol.destroy Destroying ProtocolHandler ["http-nio-8080"]
15-Jul-2024 21:16:27.756 INFORMAÇÕES [Catalina-utility-1] org.apache.catalina.startup.HostConfig.undeploy Undeploying context [/biblioteca-1.0-SNAPSHOT]
15-Jul-2024 21:16:27.800 INFORMAÇÕES [Catalina-utility-1] org.apache.catalina.startup.HostConfig.deployWAR Deploying web application archive [/System/Volumes/Data/Users/leonardocastro/Desktop/JavaAcademy/Lucas Schlestein/ProjetoBibliotecaServlet/apache-tomcat-10.1.25/webapps/biblioteca-1.0-SNAPSHOT.war]
15-Jul-2024 21:16:28.238 INFORMAÇÕES [Catalina-utility-1] org.apache.jasper.servlet.TldScanner.scanJars At least one JAR was scanned for TLDs yet contained no TLDs. Enable debug logging for this logger for a complete list of JARs that were scanned but no TLDs were found in them. Skipping unneeded JARs during scanning can improve startup time and JSP compilation time.
15-Jul-2024 21:16:28.241 INFORMAÇÕES [Catalina-utility-1] org.apache.catalina.startup.HostConfig.deployWAR Deployment of web application archive [/System/Volumes/Data/Users/leonardocastro/Desktop/JavaAcademy/Lucas Schlestein/ProjetoBibliotecaServlet/apache-tomcat-10.1.25/webapps/biblioteca-1.0-SNAPSHOT.war] has finished in [442] ms
15-Jul-2024 21:17:11.825 INFORMAÇÕES [main] org.apache.catalina.core.StandardServer.await A valid shutdown command was received via the shutdown port. Stopping the Server instance.
15-Jul-2024 21:17:11.826 INFORMAÇÕES [main] org.apache.coyote.AbstractProtocol.pause Pausing ProtocolHandler ["http-nio-8080"]
15-Jul-2024 21:17:11.830 INFORMAÇÕES [main] org.apache.catalina.core.StandardService.stopInternal Stopping service [Catalina]
15-Jul-2024 21:17:11.848 INFORMAÇÕES [main] org.apache.coyote.AbstractProtocol.stop Stopping ProtocolHandler ["http-nio-8080"]
15-Jul-2024 21:17:11.855 INFORMAÇÕES [main] org.apache.coyote.AbstractProtocol.destroy Destroying ProtocolHandler ["http-nio-8080"]
15-Jul-2024 21:44:02.237 INFORMAÇÕES [main] org.apache.catalina.startup.VersionLoggerListener.log Server version name:   Apache Tomcat/10.1.25
15-Jul-2024 21:44:02.239 INFORMAÇÕES [main] org.apache.catalina.startup.VersionLoggerListener.log Server built:          Jun 14 2024 19:31:59 UTC
15-Jul-2024 21:44:02.239 INFORMAÇÕES [main] org.apache.catalina.startup.VersionLoggerListener.log Server version number: 10.1.25.0
15-Jul-2024 21:44:02.239 INFORMAÇÕES [main] org.apache.catalina.startup.VersionLoggerListener.log OS Name:               Mac OS X
15-Jul-2024 21:44:02.239 INFORMAÇÕES [main] org.apache.catalina.startup.VersionLoggerListener.log OS Version:            14.5
15-Jul-2024 21:44:02.239 INFORMAÇÕES [main] org.apache.catalina.startup.VersionLoggerListener.log Architecture:          aarch64
15-Jul-2024 21:44:02.239 INFORMAÇÕES [main] org.apache.catalina.startup.VersionLoggerListener.log Java Home:             /Users/leonardocastro/Library/Java/JavaVirtualMachines/corretto-21.0.3/Contents/Home
15-Jul-2024 21:44:02.239 INFORMAÇÕES [main] org.apache.catalina.startup.VersionLoggerListener.log JVM Version:           21.0.3+9-LTS
15-Jul-2024 21:44:02.239 INFORMAÇÕES [main] org.apache.catalina.startup.VersionLoggerListener.log JVM Vendor:            Amazon.com Inc.
15-Jul-2024 21:44:02.239 INFORMAÇÕES [main] org.apache.catalina.startup.VersionLoggerListener.log CATALINA_BASE:         /Users/leonardocastro/Desktop/JavaAcademy/Lucas Schlestein/ProjetoBibliotecaServlet/apache-tomcat-10.1.25
15-Jul-2024 21:44:02.239 INFORMAÇÕES [main] org.apache.catalina.startup.VersionLoggerListener.log CATALINA_HOME:         /Users/leonardocastro/Desktop/JavaAcademy/Lucas Schlestein/ProjetoBibliotecaServlet/apache-tomcat-10.1.25
15-Jul-2024 21:44:02.247 INFORMAÇÕES [main] org.apache.catalina.startup.VersionLoggerListener.log Command line argument: -Djava.util.logging.config.file=/Users/leonardocastro/Desktop/JavaAcademy/Lucas Schlestein/ProjetoBibliotecaServlet/apache-tomcat-10.1.25/conf/logging.properties
15-Jul-2024 21:44:02.247 INFORMAÇÕES [main] org.apache.catalina.startup.VersionLoggerListener.log Command line argument: -Djava.util.logging.manager=org.apache.juli.ClassLoaderLogManager
15-Jul-2024 21:44:02.247 INFORMAÇÕES [main] org.apache.catalina.startup.VersionLoggerListener.log Command line argument: -Djdk.tls.ephemeralDHKeySize=2048
15-Jul-2024 21:44:02.247 INFORMAÇÕES [main] org.apache.catalina.startup.VersionLoggerListener.log Command line argument: -Djava.protocol.handler.pkgs=org.apache.catalina.webresources
15-Jul-2024 21:44:02.247 INFORMAÇÕES [main] org.apache.catalina.startup.VersionLoggerListener.log Command line argument: -Dorg.apache.catalina.security.SecurityListener.UMASK=0027
15-Jul-2024 21:44:02.247 INFORMAÇÕES [main] org.apache.catalina.startup.VersionLoggerListener.log Command line argument: --add-opens=java.base/java.lang=ALL-UNNAMED
15-Jul-2024 21:44:02.247 INFORMAÇÕES [main] org.apache.catalina.startup.VersionLoggerListener.log Command line argument: --add-opens=java.base/java.io=ALL-UNNAMED
15-Jul-2024 21:44:02.247 INFORMAÇÕES [main] org.apache.catalina.startup.VersionLoggerListener.log Command line argument: --add-opens=java.base/java.util=ALL-UNNAMED
15-Jul-2024 21:44:02.247 INFORMAÇÕES [main] org.apache.catalina.startup.VersionLoggerListener.log Command line argument: --add-opens=java.base/java.util.concurrent=ALL-UNNAMED
15-Jul-2024 21:44:02.247 INFORMAÇÕES [main] org.apache.catalina.startup.VersionLoggerListener.log Command line argument: --add-opens=java.rmi/sun.rmi.transport=ALL-UNNAMED
15-Jul-2024 21:44:02.247 INFORMAÇÕES [main] org.apache.catalina.startup.VersionLoggerListener.log Command line argument: -Dcatalina.base=/Users/leonardocastro/Desktop/JavaAcademy/Lucas Schlestein/ProjetoBibliotecaServlet/apache-tomcat-10.1.25
15-Jul-2024 21:44:02.247 INFORMAÇÕES [main] org.apache.catalina.startup.VersionLoggerListener.log Command line argument: -Dcatalina.home=/Users/leonardocastro/Desktop/JavaAcademy/Lucas Schlestein/ProjetoBibliotecaServlet/apache-tomcat-10.1.25
15-Jul-2024 21:44:02.247 INFORMAÇÕES [main] org.apache.catalina.startup.VersionLoggerListener.log Command line argument: -Djava.io.tmpdir=/Users/leonardocastro/Desktop/JavaAcademy/Lucas Schlestein/ProjetoBibliotecaServlet/apache-tomcat-10.1.25/temp
15-Jul-2024 21:44:02.252 INFORMAÇÕES [main] org.apache.catalina.core.AprLifecycleListener.lifecycleEvent The Apache Tomcat Native library which allows using OpenSSL was not found on the java.library.path: [/Users/leonardocastro/Library/Java/Extensions:/Library/Java/Extensions:/Network/Library/Java/Extensions:/System/Library/Java/Extensions:/usr/lib/java:.]
15-Jul-2024 21:44:02.399 INFORMAÇÕES [main] org.apache.coyote.AbstractProtocol.init Initializing ProtocolHandler ["http-nio-8080"]
15-Jul-2024 21:44:02.412 INFORMAÇÕES [main] org.apache.catalina.startup.Catalina.load Server initialization in [268] milliseconds
15-Jul-2024 21:44:02.431 INFORMAÇÕES [main] org.apache.catalina.core.StandardService.startInternal Starting service [Catalina]
15-Jul-2024 21:44:02.431 INFORMAÇÕES [main] org.apache.catalina.core.StandardEngine.startInternal Starting Servlet engine: [Apache Tomcat/10.1.25]
15-Jul-2024 21:44:02.441 INFORMAÇÕES [main] org.apache.catalina.startup.HostConfig.deployWAR Deploying web application archive [/Users/leonardocastro/Desktop/JavaAcademy/Lucas Schlestein/ProjetoBibliotecaServlet/apache-tomcat-10.1.25/webapps/biblioteca-1.0-SNAPSHOT.war]
15-Jul-2024 21:44:02.928 INFORMAÇÕES [main] org.apache.jasper.servlet.TldScanner.scanJars At least one JAR was scanned for TLDs yet contained no TLDs. Enable debug logging for this logger for a complete list of JARs that were scanned but no TLDs were found in them. Skipping unneeded JARs during scanning can improve startup time and JSP compilation time.
15-Jul-2024 21:44:02.949 INFORMAÇÕES [main] org.apache.catalina.startup.HostConfig.deployWAR Deployment of web application archive [/Users/leonardocastro/Desktop/JavaAcademy/Lucas Schlestein/ProjetoBibliotecaServlet/apache-tomcat-10.1.25/webapps/biblioteca-1.0-SNAPSHOT.war] has finished in [507] ms
15-Jul-2024 21:44:02.950 INFORMAÇÕES [main] org.apache.catalina.startup.HostConfig.deployDirectory Diretório de instalação da aplicação web [/Users/leonardocastro/Desktop/JavaAcademy/Lucas Schlestein/ProjetoBibliotecaServlet/apache-tomcat-10.1.25/webapps/docs]
15-Jul-2024 21:44:02.962 INFORMAÇÕES [main] org.apache.catalina.startup.HostConfig.deployDirectory Deployment of web application directory [/Users/leonardocastro/Desktop/JavaAcademy/Lucas Schlestein/ProjetoBibliotecaServlet/apache-tomcat-10.1.25/webapps/docs] has finished in [11] ms
15-Jul-2024 21:44:02.962 INFORMAÇÕES [main] org.apache.catalina.startup.HostConfig.deployDirectory Diretório de instalação da aplicação web [/Users/leonardocastro/Desktop/JavaAcademy/Lucas Schlestein/ProjetoBibliotecaServlet/apache-tomcat-10.1.25/webapps/manager]
15-Jul-2024 21:44:02.979 INFORMAÇÕES [main] org.apache.catalina.startup.HostConfig.deployDirectory Deployment of web application directory [/Users/leonardocastro/Desktop/JavaAcademy/Lucas Schlestein/ProjetoBibliotecaServlet/apache-tomcat-10.1.25/webapps/manager] has finished in [17] ms
15-Jul-2024 21:44:02.980 INFORMAÇÕES [main] org.apache.catalina.startup.HostConfig.deployDirectory Diretório de instalação da aplicação web [/Users/leonardocastro/Desktop/JavaAcademy/Lucas Schlestein/ProjetoBibliotecaServlet/apache-tomcat-10.1.25/webapps/examples]
15-Jul-2024 21:44:03.060 INFORMAÇÕES [main] org.apache.catalina.startup.HostConfig.deployDirectory Deployment of web application directory [/Users/leonardocastro/Desktop/JavaAcademy/Lucas Schlestein/ProjetoBibliotecaServlet/apache-tomcat-10.1.25/webapps/examples] has finished in [80] ms
15-Jul-2024 21:44:03.060 INFORMAÇÕES [main] org.apache.catalina.startup.HostConfig.deployDirectory Diretório de instalação da aplicação web [/Users/leonardocastro/Desktop/JavaAcademy/Lucas Schlestein/ProjetoBibliotecaServlet/apache-tomcat-10.1.25/webapps/ROOT]
15-Jul-2024 21:44:03.070 INFORMAÇÕES [main] org.apache.catalina.startup.HostConfig.deployDirectory Deployment of web application directory [/Users/leonardocastro/Desktop/JavaAcademy/Lucas Schlestein/ProjetoBibliotecaServlet/apache-tomcat-10.1.25/webapps/ROOT] has finished in [10] ms
15-Jul-2024 21:44:03.070 INFORMAÇÕES [main] org.apache.catalina.startup.HostConfig.deployDirectory Diretório de instalação da aplicação web [/Users/leonardocastro/Desktop/JavaAcademy/Lucas Schlestein/ProjetoBibliotecaServlet/apache-tomcat-10.1.25/webapps/Biblioteca_war]
15-Jul-2024 21:44:03.610 INFORMAÇÕES [main] org.apache.jasper.servlet.TldScanner.scanJars At least one JAR was scanned for TLDs yet contained no TLDs. Enable debug logging for this logger for a complete list of JARs that were scanned but no TLDs were found in them. Skipping unneeded JARs during scanning can improve startup time and JSP compilation time.
15-Jul-2024 21:44:03.614 INFORMAÇÕES [main] org.apache.catalina.startup.HostConfig.deployDirectory Deployment of web application directory [/Users/leonardocastro/Desktop/JavaAcademy/Lucas Schlestein/ProjetoBibliotecaServlet/apache-tomcat-10.1.25/webapps/Biblioteca_war] has finished in [544] ms
15-Jul-2024 21:44:03.614 INFORMAÇÕES [main] org.apache.catalina.startup.HostConfig.deployDirectory Diretório de instalação da aplicação web [/Users/leonardocastro/Desktop/JavaAcademy/Lucas Schlestein/ProjetoBibliotecaServlet/apache-tomcat-10.1.25/webapps/host-manager]
15-Jul-2024 21:44:03.624 INFORMAÇÕES [main] org.apache.catalina.startup.HostConfig.deployDirectory Deployment of web application directory [/Users/leonardocastro/Desktop/JavaAcademy/Lucas Schlestein/ProjetoBibliotecaServlet/apache-tomcat-10.1.25/webapps/host-manager] has finished in [10] ms
15-Jul-2024 21:44:03.626 INFORMAÇÕES [main] org.apache.coyote.AbstractProtocol.start Starting ProtocolHandler ["http-nio-8080"]
15-Jul-2024 21:44:03.631 INFORMAÇÕES [main] org.apache.catalina.startup.Catalina.start Server startup in [1217] milliseconds
15-Jul-2024 21:44:53.975 ADVERTÊNCIA [main] org.apache.catalina.core.StandardServer.await Invalid shutdown command [] received
15-Jul-2024 21:45:03.693 INFORMAÇÕES [Catalina-utility-1] org.apache.catalina.startup.HostConfig.reload Reloading context [/Biblioteca_war]
15-Jul-2024 21:45:03.695 INFORMAÇÕES [Catalina-utility-1] org.apache.catalina.core.StandardContext.reload Reloading Context with name [/Biblioteca_war] has started
15-Jul-2024 21:45:04.137 INFORMAÇÕES [Catalina-utility-1] org.apache.jasper.servlet.TldScanner.scanJars At least one JAR was scanned for TLDs yet contained no TLDs. Enable debug logging for this logger for a complete list of JARs that were scanned but no TLDs were found in them. Skipping unneeded JARs during scanning can improve startup time and JSP compilation time.
15-Jul-2024 21:45:04.140 INFORMAÇÕES [Catalina-utility-1] org.apache.catalina.core.StandardContext.reload Reloading Context with name [/Biblioteca_war] is completed
15-Jul-2024 21:45:04.141 INFORMAÇÕES [Catalina-utility-1] org.apache.catalina.startup.HostConfig.deployDirectory Diretório de instalação da aplicação web [/Users/leonardocastro/Desktop/JavaAcademy/Lucas Schlestein/ProjetoBibliotecaServlet/apache-tomcat-10.1.25/webapps/biblioteca_war]
15-Jul-2024 21:45:04.472 INFORMAÇÕES [Catalina-utility-1] org.apache.jasper.servlet.TldScanner.scanJars At least one JAR was scanned for TLDs yet contained no TLDs. Enable debug logging for this logger for a complete list of JARs that were scanned but no TLDs were found in them. Skipping unneeded JARs during scanning can improve startup time and JSP compilation time.
15-Jul-2024 21:45:04.475 INFORMAÇÕES [Catalina-utility-1] org.apache.catalina.startup.HostConfig.deployDirectory Deployment of web application directory [/Users/leonardocastro/Desktop/JavaAcademy/Lucas Schlestein/ProjetoBibliotecaServlet/apache-tomcat-10.1.25/webapps/biblioteca_war] has finished in [334] ms
15-Jul-2024 21:45:16.541 ADVERTÊNCIA [main] org.apache.catalina.core.StandardServer.await Invalid shutdown command [] received
15-Jul-2024 21:46:36.697 INFORMAÇÕES [main] org.apache.catalina.core.StandardServer.await A valid shutdown command was received via the shutdown port. Stopping the Server instance.
15-Jul-2024 21:46:36.700 INFORMAÇÕES [main] org.apache.coyote.AbstractProtocol.pause Pausing ProtocolHandler ["http-nio-8080"]
15-Jul-2024 21:46:36.721 INFORMAÇÕES [main] org.apache.catalina.core.StandardService.stopInternal Stopping service [Catalina]
15-Jul-2024 21:46:36.743 INFORMAÇÕES [main] org.apache.coyote.AbstractProtocol.stop Stopping ProtocolHandler ["http-nio-8080"]
15-Jul-2024 21:46:36.752 INFORMAÇÕES [main] org.apache.coyote.AbstractProtocol.destroy Destroying ProtocolHandler ["http-nio-8080"]
